


     2-D ITERATION BEHAVIOR

   IT    X-RES      Y-RES

    1 0.4117E+00 0.1181E+00
    2 0.1964E+00 0.8078E-04
    3 0.1625E+00 0.7666E-04
    4 0.1471E+00 0.2964E-04
    5 0.1383E+00 0.2723E-04
    6 0.1329E+00 0.1646E-04
    7 0.1294E+00 0.1478E-04
    8 0.1272E+00 0.1089E-04
    9 0.1258E+00 0.9592E-05
   10 0.1249E+00 0.9602E-05
   11 0.1243E+00 0.9619E-05
   12 0.1240E+00 0.9643E-05
   13 0.1238E+00 0.9673E-05
   14 0.1236E+00 0.9708E-05
   15 0.1236E+00 0.9745E-05
   16 0.1235E+00 0.9785E-05
   17 0.1235E+00 0.9826E-05
   18 0.1235E+00 0.9867E-05
   19 0.1235E+00 0.9908E-05
   20 0.1235E+00 0.9949E-05
   21 0.1234E+00 0.9989E-05
   22 0.1234E+00 0.1003E-04
   23 0.1234E+00 0.1007E-04
   24 0.1233E+00 0.1011E-04
   25 0.1233E+00 0.1015E-04
   26 0.1232E+00 0.1019E-04
   27 0.1232E+00 0.1022E-04
   28 0.1231E+00 0.1026E-04
   29 0.1230E+00 0.1060E-04
   30 0.1229E+00 0.1033E-04
   31 0.1228E+00 0.1037E-04
   32 0.1227E+00 0.1041E-04
   33 0.1226E+00 0.1044E-04
   34 0.1225E+00 0.1133E-04
   35 0.1224E+00 0.1142E-04
   36 0.1223E+00 0.1142E-04
   37 0.1221E+00 0.1140E-04
   38 0.1220E+00 0.1138E-04
   39 0.1219E+00 0.1135E-04
   40 0.1217E+00 0.1130E-04
   41 0.1216E+00 0.1121E-04
   42 0.1214E+00 0.1105E-04
   43 0.1212E+00 0.1076E-04
   44 0.1211E+00 0.1079E-04
   45 0.1209E+00 0.1082E-04
   46 0.1207E+00 0.1085E-04
   47 0.1205E+00 0.1087E-04
   48 0.1203E+00 0.1164E-04
   49 0.1201E+00 0.1186E-04
   50 0.1199E+00 0.1189E-04
   51 0.1197E+00 0.1191E-04
   52 0.1195E+00 0.1192E-04
   53 0.1193E+00 0.1193E-04
   54 0.1191E+00 0.1194E-04
   55 0.1188E+00 0.1195E-04
   56 0.1186E+00 0.1195E-04
   57 0.1184E+00 0.1196E-04
   58 0.1181E+00 0.1197E-04
   59 0.1179E+00 0.1198E-04
   60 0.1176E+00 0.1199E-04
   61 0.1174E+00 0.1199E-04
   62 0.1171E+00 0.1200E-04
   63 0.1169E+00 0.1201E-04
   64 0.1166E+00 0.1201E-04
   65 0.1163E+00 0.1202E-04
   66 0.1160E+00 0.1202E-04
   67 0.1158E+00 0.1203E-04
   68 0.1155E+00 0.1203E-04
   69 0.1152E+00 0.1203E-04
   70 0.1149E+00 0.1204E-04
   71 0.1146E+00 0.1204E-04
   72 0.1143E+00 0.1204E-04
   73 0.1140E+00 0.1205E-04
   74 0.1137E+00 0.1205E-04
   75 0.1133E+00 0.1205E-04
   76 0.1130E+00 0.1205E-04
   77 0.1127E+00 0.1205E-04
   78 0.1123E+00 0.1205E-04
   79 0.1120E+00 0.1205E-04
   80 0.1117E+00 0.1206E-04
   81 0.1113E+00 0.1206E-04
   82 0.1110E+00 0.1205E-04
   83 0.1106E+00 0.1205E-04
   84 0.1103E+00 0.1205E-04
   85 0.1099E+00 0.1205E-04
   86 0.1095E+00 0.1205E-04
   87 0.1092E+00 0.1205E-04
   88 0.1088E+00 0.1205E-04
   89 0.1084E+00 0.1204E-04
   90 0.1080E+00 0.1204E-04
   91 0.1076E+00 0.1204E-04
   92 0.1072E+00 0.1203E-04
   93 0.1068E+00 0.1203E-04
   94 0.1064E+00 0.1202E-04
   95 0.1060E+00 0.1202E-04
   96 0.1056E+00 0.1201E-04
   97 0.1051E+00 0.1201E-04
   98 0.1047E+00 0.1200E-04
   99 0.1043E+00 0.1200E-04
  100 0.1038E+00 0.1199E-04
  101 0.1034E+00 0.1198E-04
  102 0.1029E+00 0.1198E-04
  103 0.1025E+00 0.1197E-04
  104 0.1028E+00 0.1196E-04
  105 0.1031E+00 0.1195E-04
  106 0.1035E+00 0.1195E-04
  107 0.1038E+00 0.1194E-04
  108 0.2228E-01 0.5314E-05
  109 0.2049E-01 0.6086E-05
  110 0.1204E-01 0.3677E-05
  111 0.8499E-02 0.2604E-05
  112 0.6411E-02 0.1953E-05
  113 0.4975E-02 0.1505E-05
  114 0.3912E-02 0.1176E-05
  115 0.3094E-02 0.9271E-06
  116 0.2450E-02 0.7360E-06
  117 0.1933E-02 0.5869E-06
  118 0.1512E-02 0.4687E-06
  119 0.1164E-02 0.3736E-06
  120 0.1299E-02 0.2962E-06
  121 0.1421E-02 0.2481E-06
  122 0.1519E-02 0.2534E-06
  123 0.1584E-02 0.2719E-06
  124 0.1606E-02 0.2888E-06
  125 0.1576E-02 0.2995E-06
  126 0.1490E-02 0.2999E-06
  127 0.1353E-02 0.2876E-06
  128 0.1179E-02 0.2850E-06
  129 0.1074E-02 0.2878E-06
  130 0.1152E-02 0.2841E-06
  131 0.1198E-02 0.2806E-06
  132 0.1219E-02 0.2817E-06
  133 0.1221E-02 0.2858E-06
  134 0.1204E-02 0.2906E-06
  135 0.1164E-02 0.2931E-06
  136 0.1097E-02 0.2898E-06
  137 0.1001E-02 0.2777E-06
  138 0.8798E-03 0.2561E-06
  139 0.7455E-03 0.2270E-06
  140 0.7071E-03 0.2103E-06
  141 0.7480E-03 0.2102E-06
  142 0.7780E-03 0.2071E-06
  143 0.7972E-03 0.2070E-06
  144 0.8046E-03 0.2041E-06
  145 0.7968E-03 0.2039E-06
  146 0.7689E-03 0.2012E-06
  147 0.7171E-03 0.2009E-06
  148 0.6415E-03 0.1984E-06
  149 0.5484E-03 0.1980E-06
  150 0.4487E-03 0.1956E-06
  151 0.4186E-03 0.1952E-06
  152 0.4371E-03 0.1930E-06
  153 0.4493E-03 0.1924E-06
  154 0.4543E-03 0.1904E-06
  155 0.4494E-03 0.1897E-06
  156 0.4307E-03 0.1878E-06
  157 0.3961E-03 0.1871E-06
  158 0.3466E-03 0.1854E-06
  159 0.2875E-03 0.1846E-06
  160 0.2734E-03 0.1830E-06
  161 0.2939E-03 0.1821E-06
  162 0.3082E-03 0.1807E-06
  163 0.3151E-03 0.1797E-06
  164 0.3120E-03 0.1784E-06
  165 0.2964E-03 0.1774E-06
  166 0.2679E-03 0.1762E-06
  167 0.2291E-03 0.1751E-06
  168 0.1856E-03 0.1740E-06
  169 0.1861E-03 0.1729E-06
  170 0.2006E-03 0.1719E-06
  171 0.2101E-03 0.1707E-06
  172 0.2130E-03 0.1698E-06
  173 0.2073E-03 0.1686E-06
  174 0.1921E-03 0.1678E-06
  175 0.1685E-03 0.1665E-06
  176 0.1397E-03 0.1658E-06
  177 0.1281E-03 0.1645E-06
  178 0.1408E-03 0.1639E-06
  179 0.1497E-03 0.1625E-06
  180 0.1538E-03 0.1620E-06
  181 0.1521E-03 0.1606E-06
  182 0.1435E-03 0.1602E-06
  183 0.1287E-03 0.1587E-06
  184 0.1093E-03 0.1584E-06
  185 0.8813E-04 0.1569E-06
  186 0.9601E-04 0.1566E-06
  187 0.1035E-03 0.1551E-06
  188 0.1079E-03 0.1549E-06
  189 0.1086E-03 0.1534E-06
  190 0.1045E-03 0.1532E-06
  191 0.9558E-04 0.1516E-06
  192 0.8251E-04 0.1516E-06
  193 0.6713E-04 0.1500E-06
  194 0.6322E-04 0.1500E-06
  195 0.6877E-04 0.1484E-06
  196 0.7236E-04 0.1484E-06
  197 0.7306E-04 0.1469E-06
  198 0.7003E-04 0.1469E-06
  199 0.6300E-04 0.1454E-06
  200 0.5494E-04 0.1453E-06
  201 0.5442E-04 0.1440E-06
  202 0.5309E-04 0.1439E-06
  203 0.5217E-04 0.1426E-06
  204 0.5125E-04 0.1424E-06
  205 0.4998E-04 0.1412E-06
  206 0.4942E-04 0.1410E-06
  207 0.4802E-04 0.1399E-06
  208 0.4762E-04 0.1396E-06
  209 0.4659E-04 0.1385E-06
  210 0.4584E-04 0.1382E-06
  211 0.4516E-04 0.1372E-06
  212 0.4411E-04 0.1369E-06
  213 0.4373E-04 0.1359E-06
  214 0.4259E-04 0.1356E-06
  215 0.4231E-04 0.1347E-06
  216 0.4149E-04 0.1343E-06
  217 0.4091E-04 0.1334E-06
  218 0.4037E-04 0.1330E-06
  219 0.3954E-04 0.1322E-06
  220 0.3926E-04 0.1317E-06
  221 0.3830E-04 0.1310E-06
  222 0.3814E-04 0.1305E-06
  223 0.3745E-04 0.1299E-06
  224 0.3704E-04 0.1293E-06
  225 0.3658E-04 0.1287E-06
  226 0.3594E-04 0.1281E-06
  227 0.3571E-04 0.1276E-06
  228 0.3487E-04 0.1270E-06
  229 0.3484E-04 0.1265E-06
  230 0.3422E-04 0.1258E-06
  231 0.3396E-04 0.1254E-06
  232 0.3355E-04 0.1247E-06
  233 0.3309E-04 0.1243E-06
  234 0.3287E-04 0.1236E-06
  235 0.3222E-04 0.1232E-06
  236 0.3218E-04 0.1225E-06
  237 0.3165E-04 0.1222E-06
  238 0.3148E-04 0.1215E-06
  239 0.3136E-04 0.1212E-06
  240 0.3113E-04 0.1205E-06
  241 0.3107E-04 0.1202E-06
  242 0.3084E-04 0.1195E-06
  243 0.3079E-04 0.1192E-06
  244 0.3057E-04 0.1185E-06
  245 0.3051E-04 0.1182E-06
  246 0.3030E-04 0.1176E-06
  247 0.3023E-04 0.1172E-06
  248 0.3004E-04 0.1166E-06
  249 0.2997E-04 0.1163E-06
  250 0.2978E-04 0.1157E-06
  251 0.2970E-04 0.1154E-06
  252 0.2953E-04 0.1148E-06
  253 0.2944E-04 0.1144E-06
  254 0.2928E-04 0.1139E-06
  255 0.2918E-04 0.1135E-06
  256 0.2903E-04 0.1130E-06
  257 0.2893E-04 0.1127E-06
  258 0.2879E-04 0.1121E-06
  259 0.2868E-04 0.1118E-06
  260 0.2855E-04 0.1113E-06
  261 0.2844E-04 0.1109E-06
  262 0.2831E-04 0.1104E-06
  263 0.2819E-04 0.1101E-06
  264 0.2808E-04 0.1096E-06
  265 0.2796E-04 0.1092E-06
  266 0.2785E-04 0.1087E-06
  267 0.2772E-04 0.1084E-06
  268 0.2763E-04 0.1079E-06
  269 0.2749E-04 0.1076E-06
  270 0.2740E-04 0.1071E-06
  271 0.2726E-04 0.1068E-06
  272 0.2718E-04 0.1063E-06
  273 0.2704E-04 0.1060E-06
  274 0.2697E-04 0.1055E-06
  275 0.2683E-04 0.1052E-06
  276 0.2675E-04 0.1048E-06
  277 0.2662E-04 0.1044E-06
  278 0.2654E-04 0.1040E-06
  279 0.2641E-04 0.1037E-06
  280 0.2634E-04 0.1033E-06
  281 0.2621E-04 0.1029E-06
  282 0.2613E-04 0.1025E-06
  283 0.2601E-04 0.1022E-06
  284 0.2593E-04 0.1018E-06
  285 0.2581E-04 0.1015E-06
  286 0.2573E-04 0.1011E-06
  287 0.2561E-04 0.1008E-06
  288 0.2553E-04 0.1004E-06
  289 0.2542E-04 0.1001E-06
  290 0.2534E-04 0.9967E-07
  291 0.2523E-04 0.9935E-07
  292 0.2515E-04 0.9898E-07
  293 0.2504E-04 0.9866E-07
  294 0.2496E-04 0.9831E-07
  295 0.2485E-04 0.9799E-07
  296 0.2477E-04 0.9766E-07
  297 0.2467E-04 0.9731E-07
  298 0.2459E-04 0.9701E-07
  299 0.2449E-04 0.9667E-07
  300 0.2441E-04 0.9637E-07
  301 0.2431E-04 0.9604E-07
  302 0.2423E-04 0.9574E-07
  303 0.2413E-04 0.9541E-07
  304 0.2405E-04 0.9512E-07
  305 0.2396E-04 0.9479E-07
  306 0.2388E-04 0.9450E-07
  307 0.2379E-04 0.9418E-07
  308 0.2370E-04 0.9389E-07
  309 0.2362E-04 0.9358E-07
  310 0.2353E-04 0.9329E-07
  311 0.2346E-04 0.9298E-07
  312 0.2337E-04 0.9270E-07
  313 0.2330E-04 0.9239E-07
  314 0.2321E-04 0.9211E-07
  315 0.2313E-04 0.9181E-07
  316 0.2305E-04 0.9153E-07
  317 0.2298E-04 0.9124E-07
  318 0.2289E-04 0.9096E-07
  319 0.2282E-04 0.9067E-07
  320 0.2274E-04 0.9040E-07
  321 0.2266E-04 0.9011E-07
  322 0.2258E-04 0.8984E-07
  323 0.2251E-04 0.8956E-07
  324 0.2243E-04 0.8929E-07
  325 0.2236E-04 0.8901E-07
  326 0.2228E-04 0.8875E-07
  327 0.2221E-04 0.8848E-07
  328 0.2213E-04 0.8822E-07
  329 0.2206E-04 0.8796E-07
  330 0.2198E-04 0.8771E-07
  331 0.2191E-04 0.1333E-06
  332 0.2184E-04 0.2507E-06
  333 0.2177E-04 0.3223E-06
  334 0.2170E-04 0.3530E-06
  335 0.2163E-04 0.3745E-06
  336 0.2155E-04 0.3460E-06
  337 0.2149E-04 0.3030E-06
  338 0.2141E-04 0.2847E-06
  339 0.2135E-04 0.2521E-06
  340 0.2128E-04 0.2142E-06
  341 0.2121E-04 0.2070E-06
  342 0.2114E-04 0.2109E-06
  343 0.2107E-04 0.2093E-06
  344 0.2100E-04 0.2007E-06
  345 0.2094E-04 0.1911E-06
  346 0.2087E-04 0.1836E-06
  347 0.2081E-04 0.1773E-06
  348 0.2075E-04 0.1715E-06
  349 0.2069E-04 0.1655E-06
  350 0.2063E-04 0.1629E-06
  351 0.2057E-04 0.1615E-06
  352 0.2052E-04 0.1597E-06
  353 0.2046E-04 0.1579E-06
  354 0.2041E-04 0.1558E-06
  355 0.2036E-04 0.1537E-06
  356 0.2030E-04 0.1515E-06
  357 0.2025E-04 0.1492E-06
  358 0.2020E-04 0.1469E-06
  359 0.2015E-04 0.1447E-06
  360 0.2010E-04 0.1424E-06
  361 0.2005E-04 0.1402E-06
  362 0.1999E-04 0.1379E-06
  363 0.1994E-04 0.1369E-06
  364 0.1989E-04 0.1362E-06
  365 0.1983E-04 0.1353E-06
  366 0.1978E-04 0.1345E-06
  367 0.1973E-04 0.1335E-06
  368 0.1967E-04 0.1325E-06
  369 0.1961E-04 0.1315E-06
  370 0.1956E-04 0.1304E-06
  371 0.1950E-04 0.1293E-06
  372 0.1944E-04 0.1282E-06
  373 0.1939E-04 0.1270E-06
  374 0.1933E-04 0.1259E-06
  375 0.1927E-04 0.1247E-06
  376 0.1922E-04 0.1235E-06
  377 0.1916E-04 0.1227E-06
  378 0.1911E-04 0.1223E-06
  379 0.1905E-04 0.1218E-06
  380 0.1900E-04 0.1212E-06
  381 0.1894E-04 0.1206E-06
  382 0.1888E-04 0.1200E-06
  383 0.1883E-04 0.1194E-06
  384 0.1877E-04 0.1187E-06
  385 0.1872E-04 0.1181E-06
  386 0.1866E-04 0.1174E-06
  387 0.1860E-04 0.1167E-06
  388 0.1855E-04 0.1159E-06
  389 0.1849E-04 0.1152E-06
  390 0.1844E-04 0.1145E-06
  391 0.1838E-04 0.1137E-06
  392 0.1833E-04 0.1130E-06
  393 0.1827E-04 0.1126E-06
  394 0.1821E-04 0.1123E-06
  395 0.1816E-04 0.1118E-06
  396 0.1810E-04 0.1114E-06
  397 0.1805E-04 0.1110E-06
  398 0.1799E-04 0.1105E-06
  399 0.1793E-04 0.1101E-06
  400 0.1788E-04 0.1096E-06
  401 0.1783E-04 0.1091E-06
  402 0.1777E-04 0.1086E-06
  403 0.1772E-04 0.1081E-06
  404 0.1767E-04 0.1076E-06
  405 0.1762E-04 0.1070E-06
  406 0.1756E-04 0.1065E-06
  407 0.1751E-04 0.1059E-06
  408 0.1746E-04 0.1054E-06
  409 0.1741E-04 0.1049E-06
  410 0.1736E-04 0.1046E-06
  411 0.1731E-04 0.1042E-06
  412 0.1725E-04 0.1039E-06
  413 0.1720E-04 0.1035E-06
  414 0.1715E-04 0.1032E-06
  415 0.1710E-04 0.1028E-06
  416 0.1705E-04 0.1024E-06
  417 0.1700E-04 0.1020E-06
  418 0.1695E-04 0.1016E-06
  419 0.1690E-04 0.1012E-06
  420 0.1685E-04 0.1008E-06
  421 0.1680E-04 0.1004E-06
  422 0.1675E-04 0.9994E-07
  423 0.1670E-04 0.9950E-07
  424 0.1665E-04 0.9906E-07
  425 0.1660E-04 0.9862E-07
  426 0.1655E-04 0.9817E-07
  427 0.1650E-04 0.9778E-07
  428 0.1645E-04 0.9748E-07
  429 0.1640E-04 0.9717E-07
  430 0.1635E-04 0.9686E-07
  431 0.1630E-04 0.9654E-07
  432 0.1626E-04 0.9621E-07
  433 0.1621E-04 0.9587E-07
  434 0.1616E-04 0.9554E-07
  435 0.1611E-04 0.9519E-07
  436 0.1606E-04 0.9484E-07
  437 0.1602E-04 0.9448E-07
  438 0.1597E-04 0.9412E-07
  439 0.1592E-04 0.9375E-07
  440 0.1588E-04 0.9338E-07
  441 0.1583E-04 0.9300E-07
  442 0.1579E-04 0.9263E-07
  443 0.1574E-04 0.9224E-07
  444 0.1570E-04 0.9186E-07
  445 0.1565E-04 0.9147E-07
  446 0.1561E-04 0.9114E-07
  447 0.1556E-04 0.9085E-07
  448 0.1552E-04 0.9056E-07
  449 0.1547E-04 0.9026E-07
  450 0.1543E-04 0.8996E-07
  451 0.1538E-04 0.8966E-07
  452 0.1534E-04 0.8934E-07
  453 0.1529E-04 0.8903E-07
  454 0.1525E-04 0.8871E-07
  455 0.1521E-04 0.8839E-07
  456 0.1516E-04 0.8806E-07
  457 0.1512E-04 0.8773E-07
  458 0.1507E-04 0.8740E-07
  459 0.1503E-04 0.8706E-07
  460 0.1499E-04 0.8672E-07
  461 0.1494E-04 0.8638E-07
  462 0.1490E-04 0.8604E-07
  463 0.1486E-04 0.8569E-07
  464 0.1482E-04 0.8534E-07
  465 0.1477E-04 0.8499E-07
  466 0.1473E-04 0.8472E-07
  467 0.1469E-04 0.8444E-07
  468 0.1465E-04 0.8416E-07
  469 0.1460E-04 0.8387E-07
  470 0.1456E-04 0.8358E-07
  471 0.1452E-04 0.8329E-07
  472 0.1448E-04 0.8300E-07
  473 0.1444E-04 0.8270E-07
  474 0.1440E-04 0.8240E-07
  475 0.1435E-04 0.8209E-07
  476 0.1431E-04 0.8179E-07
  477 0.1427E-04 0.8148E-07
  478 0.1423E-04 0.8117E-07
  479 0.1419E-04 0.8085E-07
  480 0.1415E-04 0.8054E-07
  481 0.1411E-04 0.8022E-07
  482 0.1407E-04 0.7990E-07
  483 0.1403E-04 0.7958E-07
  484 0.1399E-04 0.7926E-07
  485 0.1395E-04 0.7895E-07
  486 0.1391E-04 0.7869E-07
  487 0.1387E-04 0.7842E-07
  488 0.1383E-04 0.7815E-07
  489 0.1379E-04 0.7787E-07
  490 0.1375E-04 0.7760E-07
  491 0.1371E-04 0.7732E-07
  492 0.1367E-04 0.7704E-07
  493 0.1363E-04 0.7675E-07
  494 0.1359E-04 0.7647E-07
  495 0.1355E-04 0.7618E-07
  496 0.1351E-04 0.7590E-07
  497 0.1347E-04 0.7561E-07
  498 0.1344E-04 0.7531E-07
  499 0.1340E-04 0.7502E-07
  500 0.1336E-04 0.7473E-07
